  [1m[35m (0.2ms)[0m  [1m[35mCREATE TABLE "schema_migrations" ("version" varchar NOT NULL PRIMARY KEY)[0m
  [1m[35m (0.1ms)[0m  [1m[35mCREATE TABLE "ar_internal_metadata" ("key" varchar NOT NULL PRIMARY KEY, "value" varchar, "created_at" datetime(6) NOT NULL, "updated_at" datetime(6) NOT NULL)[0m
  [1m[36mActiveRecord::InternalMetadata Load (0.0ms)[0m  [1m[34mSELECT * FROM "ar_internal_metadata" WHERE "ar_internal_metadata"."key" = ? ORDER BY "ar_internal_metadata"."key" ASC LIMIT 1[0m  [[nil, "environment"]]
  [1m[36mActiveRecord::InternalMetadata Create (0.1ms)[0m  [1m[32mINSERT INTO "ar_internal_metadata" ("key", "value", "created_at", "updated_at") VALUES ('environment', 'development', '2026-04-13 09:20:52.439507', '2026-04-13 09:20:52.439509') RETURNING "key"[0m
  [1m[36mActiveRecord::SchemaMigration Load (0.0ms)[0m  [1m[34mSELECT "schema_migrations"."version" FROM "schema_migrations" ORDER BY "schema_migrations"."version" ASC[0m
Migrating to CreateWorkouts (20260413092024)
  [1m[36mTRANSACTION (0.0ms)[0m  [1m[36mbegin transaction[0m
  [1m[35m (4.5ms)[0m  [1m[35mCREATE TABLE "workouts" ("id" integer PRIMARY KEY AUTOINCREMENT NOT NULL, "name" varchar, "date" date, "notes" text, "created_at" datetime(6) NOT NULL, "updated_at" datetime(6) NOT NULL)[0m
  [1m[36mActiveRecord::SchemaMigration Create (0.0ms)[0m  [1m[32mINSERT INTO "schema_migrations" ("version") VALUES ('20260413092024') RETURNING "version"[0m
  [1m[36mTRANSACTION (0.1ms)[0m  [1m[36mcommit transaction[0m
  [1m[36mActiveRecord::SchemaMigration Load (0.0ms)[0m  [1m[34mSELECT "schema_migrations"."version" FROM "schema_migrations" ORDER BY "schema_migrations"."version" ASC[0m
  [1m[36mActiveRecord::InternalMetadata Load (0.2ms)[0m  [1m[34mSELECT * FROM "ar_internal_metadata" WHERE "ar_internal_metadata"."key" = ? ORDER BY "ar_internal_metadata"."key" ASC LIMIT 1[0m  [[nil, "environment"]]
  [1m[36mActiveRecord::SchemaMigration Load (0.0ms)[0m  [1m[34mSELECT "schema_migrations"."version" FROM "schema_migrations" ORDER BY "schema_migrations"."version" ASC[0m
Migrating to CreateExercises (20260413092215)
  [1m[36mTRANSACTION (0.0ms)[0m  [1m[36mbegin transaction[0m
  [1m[35m (0.7ms)[0m  [1m[35mCREATE TABLE "exercises" ("id" integer PRIMARY KEY AUTOINCREMENT NOT NULL, "name" varchar, "sets" integer, "reps" integer, "weight" integer, "workout_id" integer, "created_at" datetime(6) NOT NULL, "updated_at" datetime(6) NOT NULL)[0m
  [1m[36mActiveRecord::SchemaMigration Create (0.0ms)[0m  [1m[32mINSERT INTO "schema_migrations" ("version") VALUES ('20260413092215') RETURNING "version"[0m
  [1m[36mTRANSACTION (0.2ms)[0m  [1m[36mcommit transaction[0m
  [1m[36mActiveRecord::SchemaMigration Load (0.0ms)[0m  [1m[34mSELECT "schema_migrations"."version" FROM "schema_migrations" ORDER BY "schema_migrations"."version" ASC[0m
Started GET "/" for ::1 at 2026-04-13 16:40:05 +0200
  [1m[36mActiveRecord::SchemaMigration Load (0.0ms)[0m  [1m[34mSELECT "schema_migrations"."version" FROM "schema_migrations" ORDER BY "schema_migrations"."version" ASC[0m
Processing by WorkoutsController#index as HTML
  Rendering layout layouts/application.html.erb
  Rendering workouts/index.html.erb within layouts/application
  [1m[36mWorkout Load (0.2ms)[0m  [1m[34mSELECT "workouts".* FROM "workouts"[0m
  ↳ app/views/workouts/index.html.erb:3
  Rendered workouts/index.html.erb within layouts/application (Duration: 1.3ms | Allocations: 1350)
  Rendered layout layouts/application.html.erb (Duration: 133.1ms | Allocations: 103825)
Completed 200 OK in 158ms (Views: 136.0ms | ActiveRecord: 0.8ms | Allocations: 121629)


Started GET "/workouts/new" for ::1 at 2026-04-13 16:40:08 +0200
Processing by WorkoutsController#new as HTML
  Rendering layout layouts/application.html.erb
  Rendering workouts/new.html.erb within layouts/application
  Rendered workouts/new.html.erb within layouts/application (Duration: 0.4ms | Allocations: 97)
  Rendered layout layouts/application.html.erb (Duration: 12.0ms | Allocations: 3853)
Completed 200 OK in 25ms (Views: 12.6ms | ActiveRecord: 0.8ms | Allocations: 9827)


Started GET "/workouts/new" for ::1 at 2026-04-13 16:40:40 +0200
Processing by WorkoutsController#new as HTML
  Rendering layout layouts/application.html.erb
  Rendering workouts/new.html.erb within layouts/application
  Rendered workouts/new.html.erb within layouts/application (Duration: 3.4ms | Allocations: 7)
  Rendered layout layouts/application.html.erb (Duration: 6.7ms | Allocations: 1306)
Completed 200 OK in 10ms (Views: 8.2ms | ActiveRecord: 0.0ms | Allocations: 1564)


Started GET "/workouts/new" for ::1 at 2026-04-13 16:43:11 +0200
Processing by WorkoutsController#new as HTML
  Rendering layout layouts/application.html.erb
  Rendering workouts/new.html.erb within layouts/application
  Rendered workouts/new.html.erb within layouts/application (Duration: 5.0ms | Allocations: 6162)
  Rendered layout layouts/application.html.erb (Duration: 12.8ms | Allocations: 25954)
Completed 200 OK in 18ms (Views: 13.8ms | ActiveRecord: 1.2ms | Allocations: 31175)


Started GET "/workouts/new" for ::1 at 2026-04-13 16:45:03 +0200
Processing by WorkoutsController#new as HTML
  Rendering layout layouts/application.html.erb
  Rendering workouts/new.html.erb within layouts/application
  Rendered workouts/new.html.erb within layouts/application (Duration: 8.0ms | Allocations: 4503)
  Rendered layout layouts/application.html.erb (Duration: 15.9ms | Allocations: 24396)
Completed 200 OK in 28ms (Views: 17.3ms | ActiveRecord: 1.0ms | Allocations: 29596)


Started GET "/workouts/new" for ::1 at 2026-04-13 16:45:58 +0200
Processing by WorkoutsController#new as HTML
  Rendering layout layouts/application.html.erb
  Rendering workouts/new.html.erb within layouts/application
  Rendered workouts/new.html.erb within layouts/application (Duration: 1.8ms | Allocations: 1483)
  Rendered layout layouts/application.html.erb (Duration: 10.9ms | Allocations: 21372)
Completed 200 OK in 21ms (Views: 11.9ms | ActiveRecord: 8.8ms | Allocations: 26572)


Started GET "/workouts/new" for ::1 at 2026-04-13 16:47:55 +0200
Processing by WorkoutsController#new as HTML
  Rendering layout layouts/application.html.erb
  Rendering workouts/new.html.erb within layouts/application
  Rendered workouts/new.html.erb within layouts/application (Duration: 1.6ms | Allocations: 1254)
  Rendered layout layouts/application.html.erb (Duration: 10.4ms | Allocations: 21143)
Completed 200 OK in 16ms (Views: 11.5ms | ActiveRecord: 1.3ms | Allocations: 26343)


Started GET "/workouts/new" for ::1 at 2026-04-13 16:48:07 +0200
Processing by WorkoutsController#new as HTML
  Rendering layout layouts/application.html.erb
  Rendering workouts/new.html.erb within layouts/application
  Rendered workouts/new.html.erb within layouts/application (Duration: 1.0ms | Allocations: 1227)
  Rendered layout layouts/application.html.erb (Duration: 9.2ms | Allocations: 21116)
Completed 200 OK in 15ms (Views: 10.4ms | ActiveRecord: 1.2ms | Allocations: 26316)


Started GET "/workouts/new" for ::1 at 2026-04-13 16:49:50 +0200
Processing by WorkoutsController#new as HTML
  Rendering layout layouts/application.html.erb
  Rendering workouts/new.html.erb within layouts/application
  Rendered workouts/new.html.erb within layouts/application (Duration: 1.3ms | Allocations: 1261)
  Rendered layout layouts/application.html.erb (Duration: 9.8ms | Allocations: 21149)
Completed 200 OK in 15ms (Views: 10.7ms | ActiveRecord: 1.1ms | Allocations: 26354)


Started GET "/workouts/new" for ::1 at 2026-04-13 16:50:15 +0200
Processing by WorkoutsController#new as HTML
  Rendering layout layouts/application.html.erb
  Rendering workouts/new.html.erb within layouts/application
  Rendered workouts/new.html.erb within layouts/application (Duration: 1.8ms | Allocations: 1265)
  Rendered layout layouts/application.html.erb (Duration: 13.9ms | Allocations: 21220)
Completed 200 OK in 27ms (Views: 15.6ms | ActiveRecord: 2.4ms | Allocations: 26420)


Started GET "/workouts/new" for ::1 at 2026-04-13 16:50:45 +0200
Processing by WorkoutsController#new as HTML
  Rendering layout layouts/application.html.erb
  Rendering workouts/new.html.erb within layouts/application
  Rendered workouts/new.html.erb within layouts/application (Duration: 1.8ms | Allocations: 1301)
  Rendered layout layouts/application.html.erb (Duration: 9.9ms | Allocations: 21193)
Completed 200 OK in 19ms (Views: 10.9ms | ActiveRecord: 1.3ms | Allocations: 26406)


Started GET "/workouts/new" for ::1 at 2026-04-13 16:52:09 +0200
Processing by WorkoutsController#new as HTML
  Rendering layout layouts/application.html.erb
  Rendering workouts/new.html.erb within layouts/application
  Rendered workouts/new.html.erb within layouts/application (Duration: 1.4ms | Allocations: 1283)
  Rendered layout layouts/application.html.erb (Duration: 10.7ms | Allocations: 21172)
Completed 200 OK in 16ms (Views: 11.7ms | ActiveRecord: 1.2ms | Allocations: 26379)


Started GET "/workouts/new" for ::1 at 2026-04-13 16:55:29 +0200
Processing by WorkoutsController#new as HTML
  Rendering layout layouts/application.html.erb
  Rendering workouts/new.html.erb within layouts/application
  Rendered workouts/new.html.erb within layouts/application (Duration: 1.4ms | Allocations: 1304)
  Rendered layout layouts/application.html.erb (Duration: 9.2ms | Allocations: 21194)
Completed 200 OK in 17ms (Views: 10.0ms | ActiveRecord: 2.7ms | Allocations: 26410)


Started GET "/workouts/new" for ::1 at 2026-04-13 16:57:40 +0200
Processing by WorkoutsController#new as HTML
  Rendering layout layouts/application.html.erb
  Rendering workouts/new.html.erb within layouts/application
  Rendered workouts/new.html.erb within layouts/application (Duration: 3.9ms | Allocations: 891)
  Rendered layout layouts/application.html.erb (Duration: 9.9ms | Allocations: 1994)
Completed 200 OK in 13ms (Views: 11.2ms | ActiveRecord: 0.0ms | Allocations: 2246)


Started GET "/workouts/new" for ::1 at 2026-04-13 16:58:23 +0200
Processing by WorkoutsController#new as HTML
  Rendering layout layouts/application.html.erb
  Rendering workouts/new.html.erb within layouts/application
  Rendered workouts/new.html.erb within layouts/application (Duration: 1.3ms | Allocations: 1284)
  Rendered layout layouts/application.html.erb (Duration: 9.6ms | Allocations: 21173)
Completed 200 OK in 15ms (Views: 10.6ms | ActiveRecord: 1.1ms | Allocations: 26383)


Started GET "/workouts/new" for ::1 at 2026-04-13 16:58:42 +0200
Processing by WorkoutsController#new as HTML
  Rendering layout layouts/application.html.erb
  Rendering workouts/new.html.erb within layouts/application
  Rendered workouts/new.html.erb within layouts/application (Duration: 1.6ms | Allocations: 1305)
  Rendered layout layouts/application.html.erb (Duration: 9.6ms | Allocations: 21194)
Completed 200 OK in 15ms (Views: 10.6ms | ActiveRecord: 1.3ms | Allocations: 26397)


Started GET "/workouts/new" for ::1 at 2026-04-13 16:58:58 +0200
Processing by WorkoutsController#new as HTML
  Rendering layout layouts/application.html.erb
  Rendering workouts/new.html.erb within layouts/application
  Rendered workouts/new.html.erb within layouts/application (Duration: 1.0ms | Allocations: 1293)
  Rendered layout layouts/application.html.erb (Duration: 10.9ms | Allocations: 21248)
Completed 200 OK in 16ms (Views: 12.0ms | ActiveRecord: 1.3ms | Allocations: 26449)


Started GET "/workouts/new" for ::1 at 2026-04-13 16:59:12 +0200
Processing by WorkoutsController#new as HTML
  Rendering layout layouts/application.html.erb
  Rendering workouts/new.html.erb within layouts/application
  Rendered workouts/new.html.erb within layouts/application (Duration: 2.7ms | Allocations: 1281)
  Rendered layout layouts/application.html.erb (Duration: 12.4ms | Allocations: 21171)
Completed 200 OK in 25ms (Views: 13.8ms | ActiveRecord: 1.9ms | Allocations: 26391)


Started POST "/workouts" for ::1 at 2026-04-13 17:00:21 +0200
Processing by WorkoutsController#create as TURBO_STREAM
  Parameters: {"authenticity_token"=>"[FILTERED]", "workout"=>{"name"=>"Test", "date"=>"2026-04-13", "notes"=>"test test test"}, "commit"=>"Save"}
  [1m[36mTRANSACTION (0.0ms)[0m  [1m[36mbegin transaction[0m
  ↳ app/controllers/workouts_controller.rb:20:in `create'
  [1m[36mWorkout Create (1.6ms)[0m  [1m[32mINSERT INTO "workouts" ("name", "date", "notes", "created_at", "updated_at") VALUES (?, ?, ?, ?, ?) RETURNING "id"[0m  [["name", "Test"], ["date", "2026-04-13"], ["notes", "test test test"], ["created_at", "2026-04-13 15:00:21.759975"], ["updated_at", "2026-04-13 15:00:21.759975"]]
  ↳ app/controllers/workouts_controller.rb:20:in `create'
  [1m[36mTRANSACTION (0.1ms)[0m  [1m[36mcommit transaction[0m
  ↳ app/controllers/workouts_controller.rb:20:in `create'
Redirected to http://localhost:3000/workouts/1
Completed 302 Found in 10ms (ActiveRecord: 3.0ms | Allocations: 7917)


Started GET "/workouts/1" for ::1 at 2026-04-13 17:00:21 +0200
Processing by WorkoutsController#show as TURBO_STREAM
  Parameters: {"id"=>"1"}
  [1m[36mWorkout Load (0.0ms)[0m  [1m[34mSELECT "workouts".* FROM "workouts" WHERE "workouts"."id" = ? LIMIT ?[0m  [["id", 1], ["LIMIT", 1]]
  ↳ app/controllers/workouts_controller.rb:7:in `show'
  Rendering layout layouts/application.html.erb
  Rendering workouts/show.html.erb within layouts/application
  Rendered workouts/show.html.erb within layouts/application (Duration: 0.2ms | Allocations: 101)
  Rendered layout layouts/application.html.erb (Duration: 9.8ms | Allocations: 20288)
Completed 200 OK in 14ms (Views: 10.6ms | ActiveRecord: 0.0ms | Allocations: 23841)


Started GET "/workouts/1" for ::1 at 2026-04-13 17:05:22 +0200
Processing by WorkoutsController#show as HTML
  Parameters: {"id"=>"1"}
  [1m[36mWorkout Load (0.0ms)[0m  [1m[34mSELECT "workouts".* FROM "workouts" WHERE "workouts"."id" = ? LIMIT ?[0m  [["id", 1], ["LIMIT", 1]]
  ↳ app/controllers/workouts_controller.rb:7:in `show'
  Rendering layout layouts/application.html.erb
  Rendering workouts/show.html.erb within layouts/application
  Rendered workouts/show.html.erb within layouts/application (Duration: 2.2ms | Allocations: 2148)
  Rendered layout layouts/application.html.erb (Duration: 2.3ms | Allocations: 2247)
Completed 500 Internal Server Error in 9ms (ActiveRecord: 3.6ms | Allocations: 8468)


  
ActionView::SyntaxErrorInTemplate (Encountered a syntax error while rendering template: check <div class="container mt-4">
  <h1><% @workouts.title %></h1>
    <div class="card mb-3">

    </div>
  <% end %>
  <%= link_to "New Workout", new_workout_path, class: "btn btn-primary" %>
</div>

):
1:    <div class="container mt-4">
2:      <h1><% @workouts.title %></h1>
3:        <div class="card mb-3">
4:    
5:        </div>
6:      <% end %>
7:      <%= link_to "New Workout", new_workout_path, class: "btn btn-primary" %>
8:    </div>
  
app/views/workouts/show.html.erb:11: syntax error, unexpected `end'
Started GET "/workouts/1" for ::1 at 2026-04-13 17:06:27 +0200
Processing by WorkoutsController#show as HTML
  Parameters: {"id"=>"1"}
  [1m[36mWorkout Load (0.1ms)[0m  [1m[34mSELECT "workouts".* FROM "workouts" WHERE "workouts"."id" = ? LIMIT ?[0m  [["id", 1], ["LIMIT", 1]]
  ↳ app/controllers/workouts_controller.rb:7:in `show'
  Rendering layout layouts/application.html.erb
  Rendering workouts/show.html.erb within layouts/application
  Rendered workouts/show.html.erb within layouts/application (Duration: 0.5ms | Allocations: 1053)
  Rendered layout layouts/application.html.erb (Duration: 0.5ms | Allocations: 1145)
Completed 500 Internal Server Error in 8ms (ActiveRecord: 1.4ms | Allocations: 7325)


  
ActionView::Template::Error (undefined method `title' for nil):
    1: <div class="container mt-4">
    2:   <h1><% @workouts.title %></h1>
    3:     <div class="card mb-3">
    4: 
    5:     </div>
  
app/views/workouts/show.html.erb:2
Started GET "/workouts/1" for ::1 at 2026-04-13 17:06:34 +0200
Processing by WorkoutsController#show as HTML
  Parameters: {"id"=>"1"}
  [1m[36mWorkout Load (0.4ms)[0m  [1m[34mSELECT "workouts".* FROM "workouts" WHERE "workouts"."id" = ? LIMIT ?[0m  [["id", 1], ["LIMIT", 1]]
  ↳ app/controllers/workouts_controller.rb:7:in `show'
  Rendering layout layouts/application.html.erb
  Rendering workouts/show.html.erb within layouts/application
  Rendered workouts/show.html.erb within layouts/application (Duration: 0.4ms | Allocations: 989)
  Rendered layout layouts/application.html.erb (Duration: 0.6ms | Allocations: 1080)
Completed 500 Internal Server Error in 3ms (ActiveRecord: 0.4ms | Allocations: 1676)


  
ActionView::Template::Error (undefined method `title' for nil):
    1: <div class="container mt-4">
    2:   <h1><% @workouts.title %></h1>
    3:     <div class="card mb-3">
    4: 
    5:     </div>
  
app/views/workouts/show.html.erb:2
Started GET "/workouts/1" for ::1 at 2026-04-13 17:06:44 +0200
Processing by WorkoutsController#show as HTML
  Parameters: {"id"=>"1"}
  [1m[36mWorkout Load (0.1ms)[0m  [1m[34mSELECT "workouts".* FROM "workouts" WHERE "workouts"."id" = ? LIMIT ?[0m  [["id", 1], ["LIMIT", 1]]
  ↳ app/controllers/workouts_controller.rb:7:in `show'
  Rendering layout layouts/application.html.erb
  Rendering workouts/show.html.erb within layouts/application
  Rendered workouts/show.html.erb within layouts/application (Duration: 0.6ms | Allocations: 1040)
  Rendered layout layouts/application.html.erb (Duration: 0.7ms | Allocations: 1132)
Completed 500 Internal Server Error in 9ms (ActiveRecord: 1.4ms | Allocations: 7366)


  
ActionView::Template::Error (undefined method `name' for nil):
    1: <div class="container mt-4">
    2:   <h1><% @workouts.name %></h1>
    3:     <div class="card mb-3">
    4: 
    5:     </div>
  
app/views/workouts/show.html.erb:2
Started GET "/workouts/1" for ::1 at 2026-04-13 17:07:05 +0200
Processing by WorkoutsController#show as HTML
  Parameters: {"id"=>"1"}
  [1m[36mWorkout Load (0.1ms)[0m  [1m[34mSELECT "workouts".* FROM "workouts" WHERE "workouts"."id" = ? LIMIT ?[0m  [["id", 1], ["LIMIT", 1]]
  ↳ app/controllers/workouts_controller.rb:7:in `show'
  Rendering layout layouts/application.html.erb
  Rendering workouts/show.html.erb within layouts/application
  Rendered workouts/show.html.erb within layouts/application (Duration: 0.3ms | Allocations: 1039)
  Rendered layout layouts/application.html.erb (Duration: 0.4ms | Allocations: 1131)
Completed 500 Internal Server Error in 7ms (ActiveRecord: 2.0ms | Allocations: 7307)


  
ActionView::Template::Error (undefined method `name' for nil):
    1: <div class="container mt-4">
    2:   <h1><% @workouts.name %></h1>
    3:   <%= link_to "New Workout", new_workout_path, class: "btn btn-primary" %>
    4: </div>
  
app/views/workouts/show.html.erb:2
Started GET "/workouts/1" for ::1 at 2026-04-13 17:07:19 +0200
Processing by WorkoutsController#show as HTML
  Parameters: {"id"=>"1"}
  [1m[36mWorkout Load (0.2ms)[0m  [1m[34mSELECT "workouts".* FROM "workouts" WHERE "workouts"."id" = ? LIMIT ?[0m  [["id", 1], ["LIMIT", 1]]
  ↳ app/controllers/workouts_controller.rb:7:in `show'
  Rendering layout layouts/application.html.erb
  Rendering workouts/show.html.erb within layouts/application
  Rendered workouts/show.html.erb within layouts/application (Duration: 0.9ms | Allocations: 989)
  Rendered layout layouts/application.html.erb (Duration: 1.1ms | Allocations: 1080)
Completed 500 Internal Server Error in 6ms (ActiveRecord: 0.2ms | Allocations: 1675)


  
ActionView::Template::Error (undefined method `name' for nil):
    1: <div class="container mt-4">
    2:   <h1><% @workouts.name %></h1>
    3:   <%= link_to "New Workout", new_workout_path, class: "btn btn-primary" %>
    4: </div>
  
app/views/workouts/show.html.erb:2
Started GET "/workouts/1" for ::1 at 2026-04-13 17:07:37 +0200
Processing by WorkoutsController#show as HTML
  Parameters: {"id"=>"1"}
  [1m[36mWorkout Load (0.1ms)[0m  [1m[34mSELECT "workouts".* FROM "workouts" WHERE "workouts"."id" = ? LIMIT ?[0m  [["id", 1], ["LIMIT", 1]]
  ↳ app/controllers/workouts_controller.rb:7:in `show'
  Rendering layout layouts/application.html.erb
  Rendering workouts/show.html.erb within layouts/application
  Rendered workouts/show.html.erb within layouts/application (Duration: 0.3ms | Allocations: 199)
  Rendered layout layouts/application.html.erb (Duration: 13.6ms | Allocations: 20313)
Completed 200 OK in 21ms (Views: 14.9ms | ActiveRecord: 1.0ms | Allocations: 26504)


Started GET "/workouts/1" for ::1 at 2026-04-13 17:09:18 +0200
Processing by WorkoutsController#show as HTML
  Parameters: {"id"=>"1"}
  [1m[36mWorkout Load (0.0ms)[0m  [1m[34mSELECT "workouts".* FROM "workouts" WHERE "workouts"."id" = ? LIMIT ?[0m  [["id", 1], ["LIMIT", 1]]
  ↳ app/controllers/workouts_controller.rb:7:in `show'
  Rendering layout layouts/application.html.erb
  Rendering workouts/show.html.erb within layouts/application
  Rendered workouts/show.html.erb within layouts/application (Duration: 1.4ms | Allocations: 254)
  Rendered layout layouts/application.html.erb (Duration: 9.4ms | Allocations: 20378)
Completed 200 OK in 14ms (Views: 10.3ms | ActiveRecord: 1.0ms | Allocations: 26569)


Started GET "/workouts/1" for ::1 at 2026-04-13 17:09:56 +0200
Processing by WorkoutsController#show as HTML
  Parameters: {"id"=>"1"}
  [1m[36mWorkout Load (0.1ms)[0m  [1m[34mSELECT "workouts".* FROM "workouts" WHERE "workouts"."id" = ? LIMIT ?[0m  [["id", 1], ["LIMIT", 1]]
  ↳ app/controllers/workouts_controller.rb:7:in `show'
  Rendering layout layouts/application.html.erb
  Rendering workouts/show.html.erb within layouts/application
  Rendered workouts/show.html.erb within layouts/application (Duration: 0.5ms | Allocations: 1097)
  Rendered layout layouts/application.html.erb (Duration: 0.6ms | Allocations: 1189)
Completed 500 Internal Server Error in 7ms (ActiveRecord: 1.2ms | Allocations: 7369)


  
ActionView::Template::Error (undefined local variable or method `index_path' for an instance of #<Class:0x0000000126f16e00>):
    1: <div class="container mt-4">
    2:   <p><%= @workout.name %> - created <%= @workout.date %> - <%= @workout.notes %></p>
    3:   <%= link_to "Workout library", index_path, class: "btn btn-primary" %>
    4: </div>
  
app/views/workouts/show.html.erb:3
Started GET "/workouts/1" for ::1 at 2026-04-13 17:10:52 +0200
Processing by WorkoutsController#show as HTML
  Parameters: {"id"=>"1"}
  [1m[36mWorkout Load (0.1ms)[0m  [1m[34mSELECT "workouts".* FROM "workouts" WHERE "workouts"."id" = ? LIMIT ?[0m  [["id", 1], ["LIMIT", 1]]
  ↳ app/controllers/workouts_controller.rb:7:in `show'
  Rendering layout layouts/application.html.erb
  Rendering workouts/show.html.erb within layouts/application
  Rendered workouts/show.html.erb within layouts/application (Duration: 0.8ms | Allocations: 1167)
  Rendered layout layouts/application.html.erb (Duration: 0.9ms | Allocations: 1259)
Completed 500 Internal Server Error in 8ms (ActiveRecord: 1.3ms | Allocations: 7432)


  
ActionView::Template::Error (undefined local variable or method `edit_path' for an instance of #<Class:0x0000000126279760>):
    1: <div class="container mt-4">
    2:   <p><%= @workout.name %> - created <%= @workout.date %> - <%= @workout.notes %></p>
    3:   <%= link_to "Workout library", workouts_path, class: "btn btn-primary" %>
    4:   <%= link_to "Edit", edit_path, class: "btn btn-primary" %>
    5: </div>
  
app/views/workouts/show.html.erb:4
Started GET "/workouts/1" for ::1 at 2026-04-13 17:11:20 +0200
Processing by WorkoutsController#show as HTML
  Parameters: {"id"=>"1"}
  [1m[36mWorkout Load (0.1ms)[0m  [1m[34mSELECT "workouts".* FROM "workouts" WHERE "workouts"."id" = ? LIMIT ?[0m  [["id", 1], ["LIMIT", 1]]
  ↳ app/controllers/workouts_controller.rb:7:in `show'
  Rendering layout layouts/application.html.erb
  Rendering workouts/show.html.erb within layouts/application
  Rendered workouts/show.html.erb within layouts/application (Duration: 0.6ms | Allocations: 315)
  Rendered layout layouts/application.html.erb (Duration: 12.5ms | Allocations: 20440)
Completed 200 OK in 21ms (Views: 13.8ms | ActiveRecord: 1.6ms | Allocations: 26683)


Started GET "/workouts/1" for ::1 at 2026-04-13 17:12:00 +0200
Processing by WorkoutsController#show as HTML
  Parameters: {"id"=>"1"}
  [1m[36mWorkout Load (0.1ms)[0m  [1m[34mSELECT "workouts".* FROM "workouts" WHERE "workouts"."id" = ? LIMIT ?[0m  [["id", 1], ["LIMIT", 1]]
  ↳ app/controllers/workouts_controller.rb:7:in `show'
  Rendering layout layouts/application.html.erb
  Rendering workouts/show.html.erb within layouts/application
  Rendered workouts/show.html.erb within layouts/application (Duration: 0.5ms | Allocations: 1238)
  Rendered layout layouts/application.html.erb (Duration: 0.5ms | Allocations: 1330)
Completed 500 Internal Server Error in 7ms (ActiveRecord: 2.0ms | Allocations: 7479)


  
ActionView::Template::Error (undefined local variable or method `destroy_path' for an instance of #<Class:0x000000012673c8b0>):
    2:   <p><%= @workout.name %> - created <%= @workout.date %> - <%= @workout.notes %></p>
    3:   <%= link_to "Home", workouts_path, class: "btn btn-primary" %>
    4:   <%= link_to "Edit", workout_path, class: "btn btn-primary" %>
    5:   <%= link_to "Delete", destroy_path, class: "btn btn-primary" %>
    6: </div>
  
app/views/workouts/show.html.erb:5
Started GET "/workouts/1" for ::1 at 2026-04-13 17:12:06 +0200
Processing by WorkoutsController#show as HTML
  Parameters: {"id"=>"1"}
  [1m[36mWorkout Load (0.0ms)[0m  [1m[34mSELECT "workouts".* FROM "workouts" WHERE "workouts"."id" = ? LIMIT ?[0m  [["id", 1], ["LIMIT", 1]]
  ↳ app/controllers/workouts_controller.rb:7:in `show'
  Rendering layout layouts/application.html.erb
  Rendering workouts/show.html.erb within layouts/application
  Rendered workouts/show.html.erb within layouts/application (Duration: 0.7ms | Allocations: 1232)
  Rendered layout layouts/application.html.erb (Duration: 0.8ms | Allocations: 1324)
Completed 500 Internal Server Error in 7ms (ActiveRecord: 1.3ms | Allocations: 7554)


  
ActionView::Template::Error (undefined local variable or method `delete_path' for an instance of #<Class:0x000000012759bc30>):
    2:   <p><%= @workout.name %> - created <%= @workout.date %> - <%= @workout.notes %></p>
    3:   <%= link_to "Home", workouts_path, class: "btn btn-primary" %>
    4:   <%= link_to "Edit", workout_path, class: "btn btn-primary" %>
    5:   <%= link_to "Delete", delete_path, class: "btn btn-primary" %>
    6: </div>
  
app/views/workouts/show.html.erb:5
Started GET "/workouts/1" for ::1 at 2026-04-13 17:12:46 +0200
Processing by WorkoutsController#show as HTML
  Parameters: {"id"=>"1"}
  [1m[36mWorkout Load (0.1ms)[0m  [1m[34mSELECT "workouts".* FROM "workouts" WHERE "workouts"."id" = ? LIMIT ?[0m  [["id", 1], ["LIMIT", 1]]
  ↳ app/controllers/workouts_controller.rb:7:in `show'
  Rendering layout layouts/application.html.erb
  Rendering workouts/show.html.erb within layouts/application
  Rendered workouts/show.html.erb within layouts/application (Duration: 0.8ms | Allocations: 381)
  Rendered layout layouts/application.html.erb (Duration: 15.8ms | Allocations: 20547)
Completed 200 OK in 24ms (Views: 17.0ms | ActiveRecord: 1.5ms | Allocations: 26733)


Started GET "/workouts/1" for ::1 at 2026-04-13 17:12:48 +0200
Processing by WorkoutsController#show as HTML
  Parameters: {"id"=>"1"}
  [1m[36mWorkout Load (0.3ms)[0m  [1m[34mSELECT "workouts".* FROM "workouts" WHERE "workouts"."id" = ? LIMIT ?[0m  [["id", 1], ["LIMIT", 1]]
  ↳ app/controllers/workouts_controller.rb:7:in `show'
  Rendering layout layouts/application.html.erb
  Rendering workouts/show.html.erb within layouts/application
  Rendered workouts/show.html.erb within layouts/application (Duration: 1.4ms | Allocations: 124)
  Rendered layout layouts/application.html.erb (Duration: 15.0ms | Allocations: 1435)
Completed 200 OK in 19ms (Views: 15.8ms | ActiveRecord: 0.3ms | Allocations: 2040)


Started GET "/workouts/1" for ::1 at 2026-04-13 17:14:05 +0200
Processing by WorkoutsController#show as HTML
  Parameters: {"id"=>"1"}
  [1m[36mWorkout Load (0.1ms)[0m  [1m[34mSELECT "workouts".* FROM "workouts" WHERE "workouts"."id" = ? LIMIT ?[0m  [["id", 1], ["LIMIT", 1]]
  ↳ app/controllers/workouts_controller.rb:7:in `show'
  Rendering layout layouts/application.html.erb
  Rendering workouts/show.html.erb within layouts/application
  Rendered workouts/show.html.erb within layouts/application (Duration: 0.6ms | Allocations: 381)
  Rendered layout layouts/application.html.erb (Duration: 9.4ms | Allocations: 20304)
Completed 200 OK in 18ms (Views: 10.6ms | ActiveRecord: 1.2ms | Allocations: 26493)


Started GET "/workouts/1" for ::1 at 2026-04-13 17:14:31 +0200
Processing by WorkoutsController#show as HTML
  Parameters: {"id"=>"1"}
  [1m[36mWorkout Load (0.1ms)[0m  [1m[34mSELECT "workouts".* FROM "workouts" WHERE "workouts"."id" = ? LIMIT ?[0m  [["id", 1], ["LIMIT", 1]]
  ↳ app/controllers/workouts_controller.rb:7:in `show'
  Rendering layout layouts/application.html.erb
  Rendering workouts/show.html.erb within layouts/application
  Rendered workouts/show.html.erb within layouts/application (Duration: 0.8ms | Allocations: 377)
  Rendered layout layouts/application.html.erb (Duration: 9.7ms | Allocations: 20491)
Completed 200 OK in 16ms (Views: 10.6ms | ActiveRecord: 1.3ms | Allocations: 26714)


Started GET "/workouts" for ::1 at 2026-04-13 17:15:33 +0200
Processing by WorkoutsController#index as HTML
  Rendering layout layouts/application.html.erb
  Rendering workouts/index.html.erb within layouts/application
  [1m[36mWorkout Load (0.5ms)[0m  [1m[34mSELECT "workouts".* FROM "workouts"[0m
  ↳ app/views/workouts/index.html.erb:3
  Rendered workouts/index.html.erb within layouts/application (Duration: 6.2ms | Allocations: 718)
  Rendered layout layouts/application.html.erb (Duration: 9.5ms | Allocations: 2031)
Completed 200 OK in 13ms (Views: 10.1ms | ActiveRecord: 0.5ms | Allocations: 2344)


Started GET "/workouts/new" for ::1 at 2026-04-13 17:15:35 +0200
Processing by WorkoutsController#new as HTML
  Rendering layout layouts/application.html.erb
  Rendering workouts/new.html.erb within layouts/application
  Rendered workouts/new.html.erb within layouts/application (Duration: 4.9ms | Allocations: 1224)
  Rendered layout layouts/application.html.erb (Duration: 7.4ms | Allocations: 2324)
Completed 200 OK in 10ms (Views: 8.1ms | ActiveRecord: 0.0ms | Allocations: 2651)


Started GET "/workouts/new" for ::1 at 2026-04-13 17:15:40 +0200
Processing by WorkoutsController#new as HTML
  Rendering layout layouts/application.html.erb
  Rendering workouts/new.html.erb within layouts/application
  Rendered workouts/new.html.erb within layouts/application (Duration: 2.6ms | Allocations: 886)
  Rendered layout layouts/application.html.erb (Duration: 5.3ms | Allocations: 1986)
Completed 200 OK in 7ms (Views: 5.9ms | ActiveRecord: 0.0ms | Allocations: 2237)


Started GET "/workouts/1" for ::1 at 2026-04-13 17:15:40 +0200
Processing by WorkoutsController#show as HTML
  Parameters: {"id"=>"1"}
  [1m[36mWorkout Load (0.4ms)[0m  [1m[34mSELECT "workouts".* FROM "workouts" WHERE "workouts"."id" = ? LIMIT ?[0m  [["id", 1], ["LIMIT", 1]]
  ↳ app/controllers/workouts_controller.rb:7:in `show'
  Rendering layout layouts/application.html.erb
  Rendering workouts/show.html.erb within layouts/application
  Rendered workouts/show.html.erb within layouts/application (Duration: 0.7ms | Allocations: 120)
  Rendered layout layouts/application.html.erb (Duration: 4.4ms | Allocations: 1431)
Completed 200 OK in 8ms (Views: 5.2ms | ActiveRecord: 0.4ms | Allocations: 2036)


Started GET "/workouts/1/edit" for ::1 at 2026-04-13 17:15:42 +0200
Processing by WorkoutsController#edit as HTML
  Parameters: {"id"=>"1"}
  [1m[36mWorkout Load (0.3ms)[0m  [1m[34mSELECT "workouts".* FROM "workouts" WHERE "workouts"."id" = ? LIMIT ?[0m  [["id", 1], ["LIMIT", 1]]
  ↳ app/controllers/workouts_controller.rb:15:in `edit'
  Rendering layout layouts/application.html.erb
  Rendering workouts/edit.html.erb within layouts/application
  Rendered workouts/edit.html.erb within layouts/application (Duration: 0.9ms | Allocations: 93)
  Rendered layout layouts/application.html.erb (Duration: 4.3ms | Allocations: 1414)
Completed 200 OK in 9ms (Views: 5.0ms | ActiveRecord: 0.3ms | Allocations: 2087)


Started DELETE "/workouts/1?_method=delete" for ::1 at 2026-04-13 17:15:51 +0200
Processing by WorkoutsController#destroy as TURBO_STREAM
  Parameters: {"id"=>"1"}
  [1m[36mWorkout Load (0.3ms)[0m  [1m[34mSELECT "workouts".* FROM "workouts" WHERE "workouts"."id" = ? LIMIT ?[0m  [["id", 1], ["LIMIT", 1]]
  ↳ app/controllers/workouts_controller.rb:37:in `destroy'
  [1m[36mTRANSACTION (0.1ms)[0m  [1m[36mbegin transaction[0m
  ↳ app/controllers/workouts_controller.rb:38:in `destroy'
  [1m[36mWorkout Destroy (2.5ms)[0m  [1m[31mDELETE FROM "workouts" WHERE "workouts"."id" = ?[0m  [["id", 1]]
  ↳ app/controllers/workouts_controller.rb:38:in `destroy'
  [1m[36mTRANSACTION (0.7ms)[0m  [1m[36mcommit transaction[0m
  ↳ app/controllers/workouts_controller.rb:38:in `destroy'
Redirected to http://localhost:3000/workouts
Completed 302 Found in 11ms (ActiveRecord: 3.6ms | Allocations: 2097)


Started GET "/workouts" for ::1 at 2026-04-13 17:15:51 +0200
Processing by WorkoutsController#index as TURBO_STREAM
  Rendering layout layouts/application.html.erb
  Rendering workouts/index.html.erb within layouts/application
  [1m[36mWorkout Load (0.0ms)[0m  [1m[34mSELECT "workouts".* FROM "workouts"[0m
  ↳ app/views/workouts/index.html.erb:3
  Rendered workouts/index.html.erb within layouts/application (Duration: 0.6ms | Allocations: 427)
  Rendered layout layouts/application.html.erb (Duration: 2.9ms | Allocations: 1742)
Completed 200 OK in 4ms (Views: 3.2ms | ActiveRecord: 0.0ms | Allocations: 2033)


Started GET "/workouts/new" for ::1 at 2026-04-13 17:15:52 +0200
Processing by WorkoutsController#new as HTML
  Rendering layout layouts/application.html.erb
  Rendering workouts/new.html.erb within layouts/application
  Rendered workouts/new.html.erb within layouts/application (Duration: 1.5ms | Allocations: 886)
  Rendered layout layouts/application.html.erb (Duration: 2.9ms | Allocations: 2000)
Completed 200 OK in 4ms (Views: 3.3ms | ActiveRecord: 0.0ms | Allocations: 2252)


Started POST "/workouts" for ::1 at 2026-04-13 17:16:10 +0200
Processing by WorkoutsController#create as TURBO_STREAM
  Parameters: {"authenticity_token"=>"[FILTERED]", "workout"=>{"name"=>"Monday", "date"=>"2026-04-13", "notes"=>"Upper Body Push"}, "commit"=>"Save"}
  [1m[36mTRANSACTION (0.3ms)[0m  [1m[36mbegin transaction[0m
  ↳ app/controllers/workouts_controller.rb:20:in `create'
  [1m[36mWorkout Create (3.2ms)[0m  [1m[32mINSERT INTO "workouts" ("name", "date", "notes", "created_at", "updated_at") VALUES (?, ?, ?, ?, ?) RETURNING "id"[0m  [["name", "Monday"], ["date", "2026-04-13"], ["notes", "Upper Body Push"], ["created_at", "2026-04-13 15:16:10.893370"], ["updated_at", "2026-04-13 15:16:10.893370"]]
  ↳ app/controllers/workouts_controller.rb:20:in `create'
  [1m[36mTRANSACTION (0.4ms)[0m  [1m[36mcommit transaction[0m
  ↳ app/controllers/workouts_controller.rb:20:in `create'
Redirected to http://localhost:3000/workouts/2
Completed 302 Found in 9ms (ActiveRecord: 3.7ms | Allocations: 2200)


Started GET "/workouts/2" for ::1 at 2026-04-13 17:16:10 +0200
Processing by WorkoutsController#show as TURBO_STREAM
  Parameters: {"id"=>"2"}
  [1m[36mWorkout Load (0.1ms)[0m  [1m[34mSELECT "workouts".* FROM "workouts" WHERE "workouts"."id" = ? LIMIT ?[0m  [["id", 2], ["LIMIT", 1]]
  ↳ app/controllers/workouts_controller.rb:7:in `show'
  Rendering layout layouts/application.html.erb
  Rendering workouts/show.html.erb within layouts/application
  Rendered workouts/show.html.erb within layouts/application (Duration: 0.2ms | Allocations: 120)
  Rendered layout layouts/application.html.erb (Duration: 2.7ms | Allocations: 1435)
Completed 200 OK in 5ms (Views: 3.0ms | ActiveRecord: 0.1ms | Allocations: 2043)


Started GET "/workouts/2/edit" for ::1 at 2026-04-13 17:16:18 +0200
Processing by WorkoutsController#edit as HTML
  Parameters: {"id"=>"2"}
  [1m[36mWorkout Load (0.3ms)[0m  [1m[34mSELECT "workouts".* FROM "workouts" WHERE "workouts"."id" = ? LIMIT ?[0m  [["id", 2], ["LIMIT", 1]]
  ↳ app/controllers/workouts_controller.rb:15:in `edit'
  Rendering layout layouts/application.html.erb
  Rendering workouts/edit.html.erb within layouts/application
  Rendered workouts/edit.html.erb within layouts/application (Duration: 0.1ms | Allocations: 7)
  Rendered layout layouts/application.html.erb (Duration: 3.9ms | Allocations: 1317)
Completed 200 OK in 7ms (Views: 4.5ms | ActiveRecord: 0.3ms | Allocations: 1922)


Started GET "/workouts/2/edit" for ::1 at 2026-04-13 17:16:23 +0200
Processing by WorkoutsController#edit as HTML
  Parameters: {"id"=>"2"}
  [1m[36mWorkout Load (0.3ms)[0m  [1m[34mSELECT "workouts".* FROM "workouts" WHERE "workouts"."id" = ? LIMIT ?[0m  [["id", 2], ["LIMIT", 1]]
  ↳ app/controllers/workouts_controller.rb:15:in `edit'
  Rendering layout layouts/application.html.erb
  Rendering workouts/edit.html.erb within layouts/application
  Rendered workouts/edit.html.erb within layouts/application (Duration: 0.1ms | Allocations: 7)
  Rendered layout layouts/application.html.erb (Duration: 3.3ms | Allocations: 1323)
Completed 200 OK in 7ms (Views: 4.0ms | ActiveRecord: 0.3ms | Allocations: 1928)


Started GET "/workouts" for ::1 at 2026-04-13 17:16:23 +0200
Processing by WorkoutsController#index as HTML
  Rendering layout layouts/application.html.erb
  Rendering workouts/index.html.erb within layouts/application
  [1m[36mWorkout Load (0.2ms)[0m  [1m[34mSELECT "workouts".* FROM "workouts"[0m
  ↳ app/views/workouts/index.html.erb:3
  Rendered workouts/index.html.erb within layouts/application (Duration: 2.0ms | Allocations: 482)
  Rendered layout layouts/application.html.erb (Duration: 5.5ms | Allocations: 1791)
Completed 200 OK in 7ms (Views: 6.0ms | ActiveRecord: 0.2ms | Allocations: 2035)


Started GET "/workouts/2" for ::1 at 2026-04-13 17:16:28 +0200
Processing by WorkoutsController#show as HTML
  Parameters: {"id"=>"2"}
  [1m[36mWorkout Load (0.3ms)[0m  [1m[34mSELECT "workouts".* FROM "workouts" WHERE "workouts"."id" = ? LIMIT ?[0m  [["id", 2], ["LIMIT", 1]]
  ↳ app/controllers/workouts_controller.rb:7:in `show'
  Rendering layout layouts/application.html.erb
  Rendering workouts/show.html.erb within layouts/application
  Rendered workouts/show.html.erb within layouts/application (Duration: 0.6ms | Allocations: 120)
  Rendered layout layouts/application.html.erb (Duration: 4.5ms | Allocations: 1422)
Completed 200 OK in 8ms (Views: 5.2ms | ActiveRecord: 0.3ms | Allocations: 2027)


Started GET "/workouts" for ::1 at 2026-04-13 17:16:29 +0200
Processing by WorkoutsController#index as HTML
  Rendering layout layouts/application.html.erb
  Rendering workouts/index.html.erb within layouts/application
  [1m[36mWorkout Load (0.2ms)[0m  [1m[34mSELECT "workouts".* FROM "workouts"[0m
  ↳ app/views/workouts/index.html.erb:3
  Rendered workouts/index.html.erb within layouts/application (Duration: 2.2ms | Allocations: 482)
  Rendered layout layouts/application.html.erb (Duration: 5.8ms | Allocations: 1800)
Completed 200 OK in 7ms (Views: 6.3ms | ActiveRecord: 0.2ms | Allocations: 2044)


Started GET "/workouts/2" for ::1 at 2026-04-13 17:17:51 +0200
Processing by WorkoutsController#show as HTML
  Parameters: {"id"=>"2"}
  [1m[36mWorkout Load (0.1ms)[0m  [1m[34mSELECT "workouts".* FROM "workouts" WHERE "workouts"."id" = ? LIMIT ?[0m  [["id", 2], ["LIMIT", 1]]
  ↳ app/controllers/workouts_controller.rb:7:in `show'
  Rendering layout layouts/application.html.erb
  Rendering workouts/show.html.erb within layouts/application
  Rendered workouts/show.html.erb within layouts/application (Duration: 0.6ms | Allocations: 378)
  Rendered layout layouts/application.html.erb (Duration: 13.7ms | Allocations: 20478)
Completed 200 OK in 21ms (Views: 14.6ms | ActiveRecord: 1.2ms | Allocations: 26667)


Started GET "/workouts/2/edit" for ::1 at 2026-04-13 17:17:52 +0200
Processing by WorkoutsController#edit as HTML
  Parameters: {"id"=>"2"}
  [1m[36mWorkout Load (0.3ms)[0m  [1m[34mSELECT "workouts".* FROM "workouts" WHERE "workouts"."id" = ? LIMIT ?[0m  [["id", 2], ["LIMIT", 1]]
  ↳ app/controllers/workouts_controller.rb:15:in `edit'
  Rendering layout layouts/application.html.erb
  Rendering workouts/edit.html.erb within layouts/application
  Rendered workouts/edit.html.erb within layouts/application (Duration: 4.1ms | Allocations: 1282)
  Rendered layout layouts/application.html.erb (Duration: 6.7ms | Allocations: 2386)
Completed 200 OK in 10ms (Views: 7.4ms | ActiveRecord: 0.3ms | Allocations: 3058)


Started PATCH "/workouts/2" for ::1 at 2026-04-13 17:18:26 +0200
Processing by WorkoutsController#update as TURBO_STREAM
  Parameters: {"authenticity_token"=>"[FILTERED]", "workout"=>{"name"=>"Monday", "date"=>"2026-04-13", "notes"=>"Upper Body Push\n- Incline Bench Press\n- Flat Bench Press"}, "commit"=>"Save", "id"=>"2"}
  [1m[36mWorkout Load (0.2ms)[0m  [1m[34mSELECT "workouts".* FROM "workouts" WHERE "workouts"."id" = ? LIMIT ?[0m  [["id", 2], ["LIMIT", 1]]
  ↳ app/controllers/workouts_controller.rb:28:in `update'
  [1m[36mTRANSACTION (0.1ms)[0m  [1m[36mbegin transaction[0m
  ↳ app/controllers/workouts_controller.rb:29:in `update'
  [1m[36mWorkout Update (1.2ms)[0m  [1m[33mUPDATE "workouts" SET "notes" = ?, "updated_at" = ? WHERE "workouts"."id" = ?[0m  [["notes", "Upper Body Push\n- Incline Bench Press\n- Flat Bench Press"], ["updated_at", "2026-04-13 15:18:26.962137"], ["id", 2]]
  ↳ app/controllers/workouts_controller.rb:29:in `update'
  [1m[36mTRANSACTION (0.7ms)[0m  [1m[36mcommit transaction[0m
  ↳ app/controllers/workouts_controller.rb:29:in `update'
Redirected to http://localhost:3000/workouts/2
Completed 302 Found in 10ms (ActiveRecord: 2.2ms | Allocations: 2865)


Started GET "/workouts/2" for ::1 at 2026-04-13 17:18:26 +0200
Processing by WorkoutsController#show as TURBO_STREAM
  Parameters: {"id"=>"2"}
  [1m[36mWorkout Load (0.1ms)[0m  [1m[34mSELECT "workouts".* FROM "workouts" WHERE "workouts"."id" = ? LIMIT ?[0m  [["id", 2], ["LIMIT", 1]]
  ↳ app/controllers/workouts_controller.rb:7:in `show'
  Rendering layout layouts/application.html.erb
  Rendering workouts/show.html.erb within layouts/application
  Rendered workouts/show.html.erb within layouts/application (Duration: 0.3ms | Allocations: 120)
  Rendered layout layouts/application.html.erb (Duration: 2.4ms | Allocations: 1422)
Completed 200 OK in 4ms (Views: 2.8ms | ActiveRecord: 0.1ms | Allocations: 2074)


Started GET "/workouts" for ::1 at 2026-04-13 17:18:30 +0200
Processing by WorkoutsController#index as HTML
  Rendering layout layouts/application.html.erb
  Rendering workouts/index.html.erb within layouts/application
  [1m[36mWorkout Load (0.4ms)[0m  [1m[34mSELECT "workouts".* FROM "workouts"[0m
  ↳ app/views/workouts/index.html.erb:3
  Rendered workouts/index.html.erb within layouts/application (Duration: 3.3ms | Allocations: 717)
  Rendered layout layouts/application.html.erb (Duration: 6.5ms | Allocations: 2025)
Completed 200 OK in 9ms (Views: 6.8ms | ActiveRecord: 0.3ms | Allocations: 2337)


Started GET "/workouts/new" for ::1 at 2026-04-13 17:18:33 +0200
Processing by WorkoutsController#new as HTML
  Rendering layout layouts/application.html.erb
  Rendering workouts/new.html.erb within layouts/application
  Rendered workouts/new.html.erb within layouts/application (Duration: 3.6ms | Allocations: 1190)
  Rendered layout layouts/application.html.erb (Duration: 6.0ms | Allocations: 2290)
Completed 200 OK in 9ms (Views: 6.8ms | ActiveRecord: 0.0ms | Allocations: 2617)


Started GET "/workouts/2" for ::1 at 2026-04-13 17:18:35 +0200
Processing by WorkoutsController#show as HTML
  Parameters: {"id"=>"2"}
  [1m[36mWorkout Load (0.3ms)[0m  [1m[34mSELECT "workouts".* FROM "workouts" WHERE "workouts"."id" = ? LIMIT ?[0m  [["id", 2], ["LIMIT", 1]]
  ↳ app/controllers/workouts_controller.rb:7:in `show'
  Rendering layout layouts/application.html.erb
  Rendering workouts/show.html.erb within layouts/application
  Rendered workouts/show.html.erb within layouts/application (Duration: 0.7ms | Allocations: 120)
  Rendered layout layouts/application.html.erb (Duration: 4.0ms | Allocations: 1440)
Completed 200 OK in 7ms (Views: 4.7ms | ActiveRecord: 0.3ms | Allocations: 2045)


Started GET "/workouts/2/edit" for ::1 at 2026-04-13 17:30:11 +0200
Processing by WorkoutsController#edit as HTML
  Parameters: {"id"=>"2"}
  [1m[36mWorkout Load (4.0ms)[0m  [1m[34mSELECT "workouts".* FROM "workouts" WHERE "workouts"."id" = ? LIMIT ?[0m  [["id", 2], ["LIMIT", 1]]
  ↳ app/controllers/workouts_controller.rb:15:in `edit'
  Rendering layout layouts/application.html.erb
  Rendering workouts/edit.html.erb within layouts/application
  Rendered workouts/edit.html.erb within layouts/application (Duration: 4.6ms | Allocations: 1322)
  Rendered layout layouts/application.html.erb (Duration: 13.0ms | Allocations: 21208)
Completed 200 OK in 23ms (Views: 13.9ms | ActiveRecord: 5.7ms | Allocations: 26982)


Started GET "/workouts" for ::1 at 2026-04-13 17:30:11 +0200
Processing by WorkoutsController#index as HTML
  Rendering layout layouts/application.html.erb
  Rendering workouts/index.html.erb within layouts/application
  [1m[36mWorkout Load (0.1ms)[0m  [1m[34mSELECT "workouts".* FROM "workouts"[0m
  ↳ app/views/workouts/index.html.erb:3
  Rendered workouts/index.html.erb within layouts/application (Duration: 0.7ms | Allocations: 725)
  Rendered layout layouts/application.html.erb (Duration: 1.4ms | Allocations: 2076)
Completed 200 OK in 2ms (Views: 1.5ms | ActiveRecord: 0.1ms | Allocations: 2388)


Started GET "/workouts/2" for ::1 at 2026-04-13 17:30:12 +0200
Processing by WorkoutsController#show as HTML
  Parameters: {"id"=>"2"}
  [1m[36mWorkout Load (0.3ms)[0m  [1m[34mSELECT "workouts".* FROM "workouts" WHERE "workouts"."id" = ? LIMIT ?[0m  [["id", 2], ["LIMIT", 1]]
  ↳ app/controllers/workouts_controller.rb:7:in `show'
  Rendering layout layouts/application.html.erb
  Rendering workouts/show.html.erb within layouts/application
  [1m[36mExercise Load (0.0ms)[0m  [1m[34mSELECT "exercises".* FROM "exercises" WHERE "exercises"."workout_id" = ?[0m  [["workout_id", 2]]
  ↳ app/views/workouts/show.html.erb:8
  Rendered workouts/show.html.erb within layouts/application (Duration: 30.3ms | Allocations: 14970)
  Rendered layout layouts/application.html.erb (Duration: 31.3ms | Allocations: 16066)
Completed 200 OK in 35ms (Views: 31.8ms | ActiveRecord: 0.7ms | Allocations: 16739)


Started GET "/workouts" for ::1 at 2026-04-13 17:30:24 +0200
Processing by WorkoutsController#index as HTML
  Rendering layout layouts/application.html.erb
  Rendering workouts/index.html.erb within layouts/application
  [1m[36mWorkout Load (0.2ms)[0m  [1m[34mSELECT "workouts".* FROM "workouts"[0m
  ↳ app/views/workouts/index.html.erb:3
  Rendered workouts/index.html.erb within layouts/application (Duration: 2.2ms | Allocations: 486)
  Rendered layout layouts/application.html.erb (Duration: 5.3ms | Allocations: 1789)
Completed 200 OK in 7ms (Views: 5.9ms | ActiveRecord: 0.2ms | Allocations: 2036)


Started GET "/workouts/2/edit" for ::1 at 2026-04-13 17:30:24 +0200
Processing by WorkoutsController#edit as HTML
  Parameters: {"id"=>"2"}
  [1m[36mWorkout Load (0.3ms)[0m  [1m[34mSELECT "workouts".* FROM "workouts" WHERE "workouts"."id" = ? LIMIT ?[0m  [["id", 2], ["LIMIT", 1]]
  ↳ app/controllers/workouts_controller.rb:15:in `edit'
  Rendering layout layouts/application.html.erb
  Rendering workouts/edit.html.erb within layouts/application
  Rendered workouts/edit.html.erb within layouts/application (Duration: 2.6ms | Allocations: 912)
  Rendered layout layouts/application.html.erb (Duration: 5.2ms | Allocations: 2008)
Completed 200 OK in 8ms (Views: 5.8ms | ActiveRecord: 0.3ms | Allocations: 2613)


Started PATCH "/workouts/2" for ::1 at 2026-04-13 17:30:31 +0200
Processing by WorkoutsController#update as TURBO_STREAM
  Parameters: {"authenticity_token"=>"[FILTERED]", "workout"=>{"name"=>"Monday", "date"=>"2026-04-13", "notes"=>"Upper Body Push"}, "commit"=>"Save", "id"=>"2"}
  [1m[36mWorkout Load (0.3ms)[0m  [1m[34mSELECT "workouts".* FROM "workouts" WHERE "workouts"."id" = ? LIMIT ?[0m  [["id", 2], ["LIMIT", 1]]
  ↳ app/controllers/workouts_controller.rb:28:in `update'
  [1m[36mTRANSACTION (0.1ms)[0m  [1m[36mbegin transaction[0m
  ↳ app/controllers/workouts_controller.rb:29:in `update'
  [1m[36mWorkout Update (2.0ms)[0m  [1m[33mUPDATE "workouts" SET "notes" = ?, "updated_at" = ? WHERE "workouts"."id" = ?[0m  [["notes", "Upper Body Push"], ["updated_at", "2026-04-13 15:30:31.452523"], ["id", 2]]
  ↳ app/controllers/workouts_controller.rb:29:in `update'
  [1m[36mTRANSACTION (0.8ms)[0m  [1m[36mcommit transaction[0m
  ↳ app/controllers/workouts_controller.rb:29:in `update'
Redirected to http://localhost:3000/workouts/2
Completed 302 Found in 11ms (ActiveRecord: 3.1ms | Allocations: 2735)


Started GET "/workouts/2" for ::1 at 2026-04-13 17:30:31 +0200
Processing by WorkoutsController#show as TURBO_STREAM
  Parameters: {"id"=>"2"}
  [1m[36mWorkout Load (0.1ms)[0m  [1m[34mSELECT "workouts".* FROM "workouts" WHERE "workouts"."id" = ? LIMIT ?[0m  [["id", 2], ["LIMIT", 1]]
  ↳ app/controllers/workouts_controller.rb:7:in `show'
  Rendering layout layouts/application.html.erb
  Rendering workouts/show.html.erb within layouts/application
  [1m[36mExercise Load (0.0ms)[0m  [1m[34mSELECT "exercises".* FROM "exercises" WHERE "exercises"."workout_id" = ?[0m  [["workout_id", 2]]
  ↳ app/views/workouts/show.html.erb:8
  Rendered workouts/show.html.erb within layouts/application (Duration: 2.2ms | Allocations: 1666)
  Rendered layout layouts/application.html.erb (Duration: 3.4ms | Allocations: 2762)
Completed 200 OK in 5ms (Views: 3.7ms | ActiveRecord: 0.2ms | Allocations: 3414)


Started POST "/workouts/2/exercises" for ::1 at 2026-04-13 17:30:48 +0200
Processing by ExercisesController#create as TURBO_STREAM
  Parameters: {"authenticity_token"=>"[FILTERED]", "exercise"=>{"name"=>"testex", "sets"=>"3", "reps"=>"12", "weight"=>"20"}, "commit"=>"Add Exercise", "workout_id"=>"2"}
  [1m[36mWorkout Load (0.2ms)[0m  [1m[34mSELECT "workouts".* FROM "workouts" WHERE "workouts"."id" = ? LIMIT ?[0m  [["id", 2], ["LIMIT", 1]]
  ↳ app/controllers/exercises_controller.rb:3:in `create'
  [1m[36mTRANSACTION (0.0ms)[0m  [1m[36mbegin transaction[0m
  ↳ app/controllers/exercises_controller.rb:5:in `create'
  [1m[36mExercise Create (0.6ms)[0m  [1m[32mINSERT INTO "exercises" ("name", "sets", "reps", "weight", "workout_id", "created_at", "updated_at") VALUES (?, ?, ?, ?, ?, ?, ?) RETURNING "id"[0m  [["name", "testex"], ["sets", 3], ["reps", 12], ["weight", 20], ["workout_id", 2], ["created_at", "2026-04-13 15:30:48.957177"], ["updated_at", "2026-04-13 15:30:48.957177"]]
  ↳ app/controllers/exercises_controller.rb:5:in `create'
  [1m[36mTRANSACTION (0.1ms)[0m  [1m[36mcommit transaction[0m
  ↳ app/controllers/exercises_controller.rb:5:in `create'
Redirected to http://localhost:3000/workouts/2
Completed 302 Found in 11ms (ActiveRecord: 0.9ms | Allocations: 4048)


Started GET "/workouts/2" for ::1 at 2026-04-13 17:30:48 +0200
Processing by WorkoutsController#show as TURBO_STREAM
  Parameters: {"id"=>"2"}
  [1m[36mWorkout Load (0.0ms)[0m  [1m[34mSELECT "workouts".* FROM "workouts" WHERE "workouts"."id" = ? LIMIT ?[0m  [["id", 2], ["LIMIT", 1]]
  ↳ app/controllers/workouts_controller.rb:7:in `show'
  Rendering layout layouts/application.html.erb
  Rendering workouts/show.html.erb within layouts/application
  [1m[36mExercise Load (0.0ms)[0m  [1m[34mSELECT "exercises".* FROM "exercises" WHERE "exercises"."workout_id" = ?[0m  [["workout_id", 2]]
  ↳ app/views/workouts/show.html.erb:8
  Rendered workouts/show.html.erb within layouts/application (Duration: 2.0ms | Allocations: 1756)
  Rendered layout layouts/application.html.erb (Duration: 3.0ms | Allocations: 2866)
Completed 200 OK in 4ms (Views: 3.2ms | ActiveRecord: 0.1ms | Allocations: 3474)


Started GET "/workouts/2/edit" for ::1 at 2026-04-13 17:32:19 +0200
Processing by WorkoutsController#edit as HTML
  Parameters: {"id"=>"2"}
  [1m[36mWorkout Load (0.8ms)[0m  [1m[34mSELECT "workouts".* FROM "workouts" WHERE "workouts"."id" = ? LIMIT ?[0m  [["id", 2], ["LIMIT", 1]]
  ↳ app/controllers/workouts_controller.rb:15:in `edit'
  Rendering layout layouts/application.html.erb
  Rendering workouts/edit.html.erb within layouts/application
  Rendered workouts/edit.html.erb within layouts/application (Duration: 5.7ms | Allocations: 929)
  Rendered layout layouts/application.html.erb (Duration: 9.4ms | Allocations: 2025)
Completed 200 OK in 17ms (Views: 10.3ms | ActiveRecord: 0.8ms | Allocations: 2630)


Started GET "/workouts" for ::1 at 2026-04-13 17:32:20 +0200
Processing by WorkoutsController#index as HTML
  Rendering layout layouts/application.html.erb
  Rendering workouts/index.html.erb within layouts/application
  [1m[36mWorkout Load (0.2ms)[0m  [1m[34mSELECT "workouts".* FROM "workouts"[0m
  ↳ app/views/workouts/index.html.erb:3
  Rendered workouts/index.html.erb within layouts/application (Duration: 2.8ms | Allocations: 482)
  Rendered layout layouts/application.html.erb (Duration: 7.2ms | Allocations: 1806)
Completed 200 OK in 9ms (Views: 7.8ms | ActiveRecord: 0.2ms | Allocations: 2050)


Started GET "/workouts/2" for ::1 at 2026-04-13 17:32:23 +0200
Processing by WorkoutsController#show as HTML
  Parameters: {"id"=>"2"}
  [1m[36mWorkout Load (0.3ms)[0m  [1m[34mSELECT "workouts".* FROM "workouts" WHERE "workouts"."id" = ? LIMIT ?[0m  [["id", 2], ["LIMIT", 1]]
  ↳ app/controllers/workouts_controller.rb:7:in `show'
  Rendering layout layouts/application.html.erb
  Rendering workouts/show.html.erb within layouts/application
  [1m[36mExercise Load (0.1ms)[0m  [1m[34mSELECT "exercises".* FROM "exercises" WHERE "exercises"."workout_id" = ?[0m  [["workout_id", 2]]
  ↳ app/views/workouts/show.html.erb:8
  Rendered workouts/show.html.erb within layouts/application (Duration: 6.2ms | Allocations: 1745)
  Rendered layout layouts/application.html.erb (Duration: 8.1ms | Allocations: 2841)
Completed 200 OK in 11ms (Views: 8.5ms | ActiveRecord: 0.4ms | Allocations: 3446)


Started DELETE "/workouts/2/exercises/1?_method=delete" for ::1 at 2026-04-13 17:33:54 +0200
Processing by ExercisesController#destroy as TURBO_STREAM
  Parameters: {"workout_id"=>"2", "id"=>"1"}
  [1m[36mWorkout Load (0.3ms)[0m  [1m[34mSELECT "workouts".* FROM "workouts" WHERE "workouts"."id" = ? LIMIT ?[0m  [["id", 2], ["LIMIT", 1]]
  ↳ app/controllers/exercises_controller.rb:10:in `destroy'
  [1m[36mExercise Load (0.2ms)[0m  [1m[34mSELECT "exercises".* FROM "exercises" WHERE "exercises"."id" = ? LIMIT ?[0m  [["id", 1], ["LIMIT", 1]]
  ↳ app/controllers/exercises_controller.rb:11:in `destroy'
  [1m[36mTRANSACTION (0.1ms)[0m  [1m[36mbegin transaction[0m
  ↳ app/controllers/exercises_controller.rb:12:in `destroy'
  [1m[36mExercise Destroy (1.6ms)[0m  [1m[31mDELETE FROM "exercises" WHERE "exercises"."id" = ?[0m  [["id", 1]]
  ↳ app/controllers/exercises_controller.rb:12:in `destroy'
  [1m[36mTRANSACTION (0.4ms)[0m  [1m[36mcommit transaction[0m
  ↳ app/controllers/exercises_controller.rb:12:in `destroy'
Redirected to http://localhost:3000/workouts/2
Completed 302 Found in 13ms (ActiveRecord: 2.7ms | Allocations: 2981)


Started GET "/workouts/2" for ::1 at 2026-04-13 17:33:54 +0200
Processing by WorkoutsController#show as TURBO_STREAM
  Parameters: {"id"=>"2"}
  [1m[36mWorkout Load (0.1ms)[0m  [1m[34mSELECT "workouts".* FROM "workouts" WHERE "workouts"."id" = ? LIMIT ?[0m  [["id", 2], ["LIMIT", 1]]
  ↳ app/controllers/workouts_controller.rb:7:in `show'
  Rendering layout layouts/application.html.erb
  Rendering workouts/show.html.erb within layouts/application
  [1m[36mExercise Load (0.0ms)[0m  [1m[34mSELECT "exercises".* FROM "exercises" WHERE "exercises"."workout_id" = ?[0m  [["workout_id", 2]]
  ↳ app/views/workouts/show.html.erb:8
  Rendered workouts/show.html.erb within layouts/application (Duration: 2.6ms | Allocations: 1684)
  Rendered layout layouts/application.html.erb (Duration: 4.9ms | Allocations: 2780)
Completed 200 OK in 6ms (Views: 5.3ms | ActiveRecord: 0.1ms | Allocations: 3389)


Started POST "/workouts/2/exercises" for ::1 at 2026-04-13 17:34:12 +0200
Processing by ExercisesController#create as TURBO_STREAM
  Parameters: {"authenticity_token"=>"[FILTERED]", "exercise"=>{"name"=>"", "sets"=>"", "reps"=>"", "weight"=>""}, "commit"=>"Add Exercise", "workout_id"=>"2"}
  [1m[36mWorkout Load (0.4ms)[0m  [1m[34mSELECT "workouts".* FROM "workouts" WHERE "workouts"."id" = ? LIMIT ?[0m  [["id", 2], ["LIMIT", 1]]
  ↳ app/controllers/exercises_controller.rb:3:in `create'
  [1m[36mTRANSACTION (0.1ms)[0m  [1m[36mbegin transaction[0m
  ↳ app/controllers/exercises_controller.rb:5:in `create'
  [1m[36mExercise Create (1.6ms)[0m  [1m[32mINSERT INTO "exercises" ("name", "sets", "reps", "weight", "workout_id", "created_at", "updated_at") VALUES (?, ?, ?, ?, ?, ?, ?) RETURNING "id"[0m  [["name", ""], ["sets", nil], ["reps", nil], ["weight", nil], ["workout_id", 2], ["created_at", "2026-04-13 15:34:12.451703"], ["updated_at", "2026-04-13 15:34:12.451703"]]
  ↳ app/controllers/exercises_controller.rb:5:in `create'
  [1m[36mTRANSACTION (0.3ms)[0m  [1m[36mcommit transaction[0m
  ↳ app/controllers/exercises_controller.rb:5:in `create'
Redirected to http://localhost:3000/workouts/2
Completed 302 Found in 16ms (ActiveRecord: 2.3ms | Allocations: 2485)


Started GET "/workouts/2" for ::1 at 2026-04-13 17:34:12 +0200
Processing by WorkoutsController#show as TURBO_STREAM
  Parameters: {"id"=>"2"}
  [1m[36mWorkout Load (0.1ms)[0m  [1m[34mSELECT "workouts".* FROM "workouts" WHERE "workouts"."id" = ? LIMIT ?[0m  [["id", 2], ["LIMIT", 1]]
  ↳ app/controllers/workouts_controller.rb:7:in `show'
  Rendering layout layouts/application.html.erb
  Rendering workouts/show.html.erb within layouts/application
  [1m[36mExercise Load (0.0ms)[0m  [1m[34mSELECT "exercises".* FROM "exercises" WHERE "exercises"."workout_id" = ?[0m  [["workout_id", 2]]
  ↳ app/views/workouts/show.html.erb:8
  Rendered workouts/show.html.erb within layouts/application (Duration: 2.2ms | Allocations: 1739)
  Rendered layout layouts/application.html.erb (Duration: 4.0ms | Allocations: 2835)
Completed 200 OK in 5ms (Views: 4.4ms | ActiveRecord: 0.1ms | Allocations: 3443)


Started POST "/workouts/2/exercises" for ::1 at 2026-04-13 17:34:36 +0200
Processing by ExercisesController#create as TURBO_STREAM
  Parameters: {"authenticity_token"=>"[FILTERED]", "exercise"=>{"name"=>"exercise 1", "sets"=>"30", "reps"=>"2", "weight"=>"5"}, "commit"=>"Add Exercise", "workout_id"=>"2"}
  [1m[36mWorkout Load (0.4ms)[0m  [1m[34mSELECT "workouts".* FROM "workouts" WHERE "workouts"."id" = ? LIMIT ?[0m  [["id", 2], ["LIMIT", 1]]
  ↳ app/controllers/exercises_controller.rb:3:in `create'
  [1m[36mTRANSACTION (0.1ms)[0m  [1m[36mbegin transaction[0m
  ↳ app/controllers/exercises_controller.rb:5:in `create'
  [1m[36mExercise Create (1.0ms)[0m  [1m[32mINSERT INTO "exercises" ("name", "sets", "reps", "weight", "workout_id", "created_at", "updated_at") VALUES (?, ?, ?, ?, ?, ?, ?) RETURNING "id"[0m  [["name", "exercise 1"], ["sets", 30], ["reps", 2], ["weight", 5], ["workout_id", 2], ["created_at", "2026-04-13 15:34:36.114217"], ["updated_at", "2026-04-13 15:34:36.114217"]]
  ↳ app/controllers/exercises_controller.rb:5:in `create'
  [1m[36mTRANSACTION (0.4ms)[0m  [1m[36mcommit transaction[0m
  ↳ app/controllers/exercises_controller.rb:5:in `create'
Redirected to http://localhost:3000/workouts/2
Completed 302 Found in 14ms (ActiveRecord: 1.9ms | Allocations: 2477)


Started GET "/workouts/2" for ::1 at 2026-04-13 17:34:36 +0200
Processing by WorkoutsController#show as TURBO_STREAM
  Parameters: {"id"=>"2"}
  [1m[36mWorkout Load (0.1ms)[0m  [1m[34mSELECT "workouts".* FROM "workouts" WHERE "workouts"."id" = ? LIMIT ?[0m  [["id", 2], ["LIMIT", 1]]
  ↳ app/controllers/workouts_controller.rb:7:in `show'
  Rendering layout layouts/application.html.erb
  Rendering workouts/show.html.erb within layouts/application
  [1m[36mExercise Load (0.0ms)[0m  [1m[34mSELECT "exercises".* FROM "exercises" WHERE "exercises"."workout_id" = ?[0m  [["workout_id", 2]]
  ↳ app/views/workouts/show.html.erb:8
  Rendered workouts/show.html.erb within layouts/application (Duration: 2.9ms | Allocations: 1809)
  Rendered layout layouts/application.html.erb (Duration: 5.0ms | Allocations: 2905)
Completed 200 OK in 9ms (Views: 5.4ms | ActiveRecord: 0.1ms | Allocations: 3513)


Started GET "/workouts/2" for ::1 at 2026-04-13 17:38:21 +0200
Processing by WorkoutsController#show as HTML
  Parameters: {"id"=>"2"}
  [1m[36mWorkout Load (0.0ms)[0m  [1m[34mSELECT "workouts".* FROM "workouts" WHERE "workouts"."id" = ? LIMIT ?[0m  [["id", 2], ["LIMIT", 1]]
  ↳ app/controllers/workouts_controller.rb:7:in `show'
  Rendering layout layouts/application.html.erb
  Rendering workouts/show.html.erb within layouts/application
  [1m[36mExercise Load (0.0ms)[0m  [1m[34mSELECT "exercises".* FROM "exercises" WHERE "exercises"."workout_id" = ?[0m  [["workout_id", 2]]
  ↳ app/views/workouts/show.html.erb:9
  Rendered workouts/show.html.erb within layouts/application (Duration: 8.6ms | Allocations: 8612)
  Rendered layout layouts/application.html.erb (Duration: 17.3ms | Allocations: 28495)
Completed 200 OK in 25ms (Views: 18.0ms | ActiveRecord: 4.6ms | Allocations: 34688)


Started GET "/workouts/2" for ::1 at 2026-04-13 17:41:23 +0200
Processing by WorkoutsController#show as HTML
  Parameters: {"id"=>"2"}
  [1m[36mWorkout Load (0.1ms)[0m  [1m[34mSELECT "workouts".* FROM "workouts" WHERE "workouts"."id" = ? LIMIT ?[0m  [["id", 2], ["LIMIT", 1]]
  ↳ app/controllers/workouts_controller.rb:7:in `show'
  Rendering layout layouts/application.html.erb
  Rendering workouts/show.html.erb within layouts/application
  [1m[36mExercise Load (0.0ms)[0m  [1m[34mSELECT "exercises".* FROM "exercises" WHERE "exercises"."workout_id" = ?[0m  [["workout_id", 2]]
  ↳ app/views/workouts/show.html.erb:8
  Rendered workouts/show.html.erb within layouts/application (Duration: 5.2ms | Allocations: 8615)
  Rendered layout layouts/application.html.erb (Duration: 14.2ms | Allocations: 28500)
Completed 200 OK in 27ms (Views: 15.1ms | ActiveRecord: 5.0ms | Allocations: 34667)


Started GET "/workouts/2" for ::1 at 2026-04-13 17:44:00 +0200
Processing by WorkoutsController#show as HTML
  Parameters: {"id"=>"2"}
  [1m[36mWorkout Load (0.2ms)[0m  [1m[34mSELECT "workouts".* FROM "workouts" WHERE "workouts"."id" = ? LIMIT ?[0m  [["id", 2], ["LIMIT", 1]]
  ↳ app/controllers/workouts_controller.rb:7:in `show'
  Rendering layout layouts/application.html.erb
  Rendering workouts/show.html.erb within layouts/application
  [1m[36mExercise Load (0.0ms)[0m  [1m[34mSELECT "exercises".* FROM "exercises" WHERE "exercises"."workout_id" = ?[0m  [["workout_id", 2]]
  ↳ app/views/workouts/show.html.erb:13
  Rendered workouts/show.html.erb within layouts/application (Duration: 12.0ms | Allocations: 8626)
  Rendered layout layouts/application.html.erb (Duration: 20.1ms | Allocations: 28513)
Completed 200 OK in 35ms (Views: 21.0ms | ActiveRecord: 10.9ms | Allocations: 34680)


